{"C:/Users/Piotrek/Desktop/BootKampf/GUMIAKA/zadanie-gumiaka/src/App.vue": {"path":"C:/Users/Piotrek/Desktop/BootKampf/GUMIAKA/zadanie-gumiaka/src/App.vue","statementMap":{"0":{"start":{"line":19,"column":15},"end":{"line":19,"column":null}},"1":{"start":{"line":21,"column":0},"end":{"line":21,"column":null}},"2":{"start":{"line":22,"column":14},"end":{"line":22,"column":null}},"3":{"start":{"line":23,"column":22},"end":{"line":23,"column":null}},"4":{"start":{"line":25,"column":0},"end":{"line":28,"column":null}},"5":{"start":{"line":26,"column":14},"end":{"line":26,"column":null}},"6":{"start":{"line":27,"column":2},"end":{"line":27,"column":null}},"7":{"start":{"line":30,"column":14},"end":{"line":30,"column":null}},"8":{"start":{"line":30,"column":29},"end":{"line":30,"column":49}},"9":{"start":{"line":31,"column":21},"end":{"line":31,"column":null}},"10":{"start":{"line":31,"column":36},"end":{"line":31,"column":54}},"11":{"start":{"line":34,"column":2},"end":{"line":34,"column":null}},"12":{"start":{"line":3,"column":7},"end":{"line":3,"column":null}},"13":{"start":{"line":6,"column":6},"end":{"line":6,"column":62}},"14":{"start":{"line":7,"column":9},"end":{"line":7,"column":24}},"15":{"start":{"line":7,"column":24},"end":{"line":7,"column":53}},"16":{"start":{"line":8,"column":9},"end":{"line":8,"column":24}},"17":{"start":{"line":8,"column":24},"end":{"line":8,"column":56}}},"fnMap":{"0":{"name":"(anonymous_1)","decl":{"start":{"line":25,"column":22},"end":{"line":25,"column":28}},"loc":{"start":{"line":25,"column":28},"end":{"line":28,"column":1}}},"1":{"name":"(anonymous_2)","decl":{"start":{"line":30,"column":23},"end":{"line":30,"column":29}},"loc":{"start":{"line":30,"column":29},"end":{"line":30,"column":49}}},"2":{"name":"(anonymous_3)","decl":{"start":{"line":31,"column":30},"end":{"line":31,"column":36}},"loc":{"start":{"line":31,"column":36},"end":{"line":31,"column":54}}},"3":{"name":"clearError","decl":{"start":{"line":33,"column":9},"end":{"line":33,"column":22}},"loc":{"start":{"line":33,"column":22},"end":{"line":35,"column":null}}}},"branchMap":{},"s":{"0":0,"1":0,"2":0,"3":0,"4":0,"5":0,"6":0,"7":0,"8":0,"9":0,"10":0,"11":0,"12":0,"13":0,"14":0,"15":0,"16":0,"17":0},"f":{"0":0,"1":0,"2":0,"3":0},"b":{}}
,"C:/Users/Piotrek/Desktop/BootKampf/GUMIAKA/zadanie-gumiaka/src/main.ts": {"path":"C:/Users/Piotrek/Desktop/BootKampf/GUMIAKA/zadanie-gumiaka/src/main.ts","statementMap":{"0":{"start":{"line":18,"column":14},"end":{"line":18,"column":null}},"1":{"start":{"line":19,"column":12},"end":{"line":19,"column":null}},"2":{"start":{"line":21,"column":0},"end":{"line":21,"column":null}},"3":{"start":{"line":22,"column":0},"end":{"line":22,"column":null}},"4":{"start":{"line":23,"column":0},"end":{"line":23,"column":null}},"5":{"start":{"line":25,"column":0},"end":{"line":25,"column":null}},"6":{"start":{"line":26,"column":0},"end":{"line":26,"column":null}},"7":{"start":{"line":27,"column":0},"end":{"line":27,"column":null}},"8":{"start":{"line":28,"column":0},"end":{"line":28,"column":null}},"9":{"start":{"line":29,"column":0},"end":{"line":29,"column":null}},"10":{"start":{"line":30,"column":0},"end":{"line":30,"column":null}},"11":{"start":{"line":32,"column":0},"end":{"line":32,"column":null}}},"fnMap":{},"branchMap":{},"s":{"0":0,"1":0,"2":0,"3":0,"4":0,"5":0,"6":0,"7":0,"8":0,"9":0,"10":0,"11":0},"f":{},"b":{}}
,"C:/Users/Piotrek/Desktop/BootKampf/GUMIAKA/zadanie-gumiaka/src/router.ts": {"path":"C:/Users/Piotrek/Desktop/BootKampf/GUMIAKA/zadanie-gumiaka/src/router.ts","statementMap":{"0":{"start":{"line":5,"column":15},"end":{"line":12,"column":null}}},"fnMap":{},"branchMap":{},"s":{"0":0},"f":{},"b":{}}
,"C:/Users/Piotrek/Desktop/BootKampf/GUMIAKA/zadanie-gumiaka/src/components/layout/TheHeader.vue": {"path":"C:/Users/Piotrek/Desktop/BootKampf/GUMIAKA/zadanie-gumiaka/src/components/layout/TheHeader.vue","statementMap":{"0":{"start":{"line":3,"column":4},"end":{"line":3,"column":9}},"1":{"start":{"line":4,"column":6},"end":{"line":9,"column":14}},"2":{"start":{"line":4,"column":31},"end":{"line":9,"column":14}},"3":{"start":{"line":10,"column":11},"end":{"line":10,"column":null}},"4":{"start":{"line":11,"column":8},"end":{"line":11,"column":15}}},"fnMap":{"0":{"name":"(anonymous_0)","decl":{"start":{"line":3,"column":4},"end":{"line":3,"column":9}},"loc":{"start":{"line":3,"column":4},"end":{"line":3,"column":9}}},"1":{"name":"(anonymous_1)","decl":{"start":{"line":4,"column":11},"end":{"line":4,"column":16}},"loc":{"start":{"line":4,"column":31},"end":{"line":9,"column":14}}}},"branchMap":{},"s":{"0":0,"1":0,"2":0,"3":0,"4":0},"f":{"0":0,"1":0},"b":{}}
,"C:/Users/Piotrek/Desktop/BootKampf/GUMIAKA/zadanie-gumiaka/src/components/products/Pagination.vue": {"path":"C:/Users/Piotrek/Desktop/BootKampf/GUMIAKA/zadanie-gumiaka/src/components/products/Pagination.vue","statementMap":{"0":{"start":{"line":22,"column":14},"end":{"line":22,"column":null}},"1":{"start":{"line":23,"column":20},"end":{"line":23,"column":null}},"2":{"start":{"line":25,"column":20},"end":{"line":25,"column":null}},"3":{"start":{"line":25,"column":35},"end":{"line":25,"column":55}},"4":{"start":{"line":26,"column":22},"end":{"line":26,"column":null}},"5":{"start":{"line":26,"column":37},"end":{"line":26,"column":59}},"6":{"start":{"line":27,"column":20},"end":{"line":27,"column":null}},"7":{"start":{"line":27,"column":36},"end":{"line":27,"column":75}},"8":{"start":{"line":28,"column":20},"end":{"line":30,"column":null}},"9":{"start":{"line":29,"column":2},"end":{"line":29,"column":null}},"10":{"start":{"line":33,"column":16},"end":{"line":33,"column":null}},"11":{"start":{"line":34,"column":2},"end":{"line":38,"column":null}},"12":{"start":{"line":35,"column":4},"end":{"line":35,"column":null}},"13":{"start":{"line":36,"column":2},"end":{"line":38,"column":null}},"14":{"start":{"line":37,"column":4},"end":{"line":37,"column":null}},"15":{"start":{"line":39,"column":2},"end":{"line":39,"column":null}},"16":{"start":{"line":40,"column":2},"end":{"line":40,"column":null}},"17":{"start":{"line":2,"column":7},"end":{"line":2,"column":null}},"18":{"start":{"line":3,"column":9},"end":{"line":3,"column":null}},"19":{"start":{"line":5,"column":8},"end":{"line":5,"column":40}},"20":{"start":{"line":11,"column":8},"end":{"line":11,"column":41}},"21":{"start":{"line":4,"column":51},"end":{"line":4,"column":null}},"22":{"start":{"line":5,"column":40},"end":{"line":5,"column":11}},"23":{"start":{"line":10,"column":51},"end":{"line":10,"column":null}},"24":{"start":{"line":11,"column":41},"end":{"line":11,"column":11}}},"fnMap":{"0":{"name":"(anonymous_1)","decl":{"start":{"line":25,"column":29},"end":{"line":25,"column":35}},"loc":{"start":{"line":25,"column":35},"end":{"line":25,"column":55}}},"1":{"name":"(anonymous_2)","decl":{"start":{"line":26,"column":31},"end":{"line":26,"column":37}},"loc":{"start":{"line":26,"column":37},"end":{"line":26,"column":59}}},"2":{"name":"(anonymous_3)","decl":{"start":{"line":27,"column":29},"end":{"line":27,"column":36}},"loc":{"start":{"line":27,"column":36},"end":{"line":27,"column":75}}},"3":{"name":"(anonymous_4)","decl":{"start":{"line":28,"column":29},"end":{"line":28,"column":null}},"loc":{"start":{"line":29,"column":2},"end":{"line":29,"column":null}}},"4":{"name":"changePage","decl":{"start":{"line":32,"column":9},"end":{"line":32,"column":20}},"loc":{"start":{"line":32,"column":39},"end":{"line":41,"column":null}}},"5":{"name":"(anonymous_7)","decl":{"start":{"line":5,"column":8},"end":{"line":5,"column":11}},"loc":{"start":{"line":5,"column":8},"end":{"line":5,"column":40}}},"6":{"name":"(anonymous_8)","decl":{"start":{"line":11,"column":8},"end":{"line":11,"column":11}},"loc":{"start":{"line":11,"column":8},"end":{"line":11,"column":41}}},"7":{"name":"(anonymous_10)","decl":{"start":{"line":4,"column":49},"end":{"line":4,"column":51}},"loc":{"start":{"line":4,"column":51},"end":{"line":4,"column":null}}},"8":{"name":"(anonymous_12)","decl":{"start":{"line":10,"column":49},"end":{"line":10,"column":51}},"loc":{"start":{"line":10,"column":51},"end":{"line":10,"column":null}}}},"branchMap":{"0":{"loc":{"start":{"line":27,"column":36},"end":{"line":27,"column":75}},"type":"cond-expr","locations":[{"start":{"line":27,"column":62},"end":{"line":27,"column":69}},{"start":{"line":27,"column":69},"end":{"line":27,"column":75}}]},"1":{"loc":{"start":{"line":29,"column":2},"end":{"line":29,"column":null}},"type":"cond-expr","locations":[{"start":{"line":29,"column":46},"end":{"line":29,"column":53}},{"start":{"line":29,"column":53},"end":{"line":29,"column":null}}]},"2":{"loc":{"start":{"line":34,"column":2},"end":{"line":38,"column":null}},"type":"if","locations":[{"start":{"line":34,"column":2},"end":{"line":38,"column":null}},{"start":{"line":36,"column":2},"end":{"line":38,"column":null}}]},"3":{"loc":{"start":{"line":36,"column":2},"end":{"line":38,"column":null}},"type":"if","locations":[{"start":{"line":36,"column":2},"end":{"line":38,"column":null}},{"start":{"line":36,"column":2},"end":{"line":38,"column":null}}]},"4":{"loc":{"start":{"line":4,"column":49},"end":{"line":4,"column":null}},"type":"binary-expr","locations":[{"start":{"line":4,"column":49},"end":{"line":4,"column":51}},{"start":{"line":4,"column":49},"end":{"line":4,"column":null}}]},"5":{"loc":{"start":{"line":10,"column":49},"end":{"line":10,"column":null}},"type":"binary-expr","locations":[{"start":{"line":10,"column":49},"end":{"line":10,"column":51}},{"start":{"line":10,"column":49},"end":{"line":10,"column":null}}]}},"s":{"0":0,"1":0,"2":0,"3":0,"4":0,"5":0,"6":0,"7":0,"8":0,"9":0,"10":0,"11":0,"12":0,"13":0,"14":0,"15":0,"16":0,"17":0,"18":0,"19":0,"20":0,"21":0,"22":0,"23":0,"24":0},"f":{"0":0,"1":0,"2":0,"3":0,"4":0,"5":0,"6":0,"7":0,"8":0},"b":{"0":[0,0],"1":[0,0],"2":[0,0],"3":[0,0],"4":[0,0],"5":[0,0]}}
,"C:/Users/Piotrek/Desktop/BootKampf/GUMIAKA/zadanie-gumiaka/src/components/products/ProductsList.vue": {"path":"C:/Users/Piotrek/Desktop/BootKampf/GUMIAKA/zadanie-gumiaka/src/components/products/ProductsList.vue","statementMap":{"0":{"start":{"line":37,"column":0},"end":{"line":37,"column":null}},"1":{"start":{"line":38,"column":14},"end":{"line":38,"column":null}},"2":{"start":{"line":40,"column":17},"end":{"line":46,"column":null}},"3":{"start":{"line":41,"column":2},"end":{"line":45,"column":null}},"4":{"start":{"line":42,"column":4},"end":{"line":42,"column":null}},"5":{"start":{"line":44,"column":4},"end":{"line":44,"column":null}},"6":{"start":{"line":48,"column":18},"end":{"line":48,"column":null}},"7":{"start":{"line":48,"column":32},"end":{"line":48,"column":53}},"8":{"start":{"line":50,"column":18},"end":{"line":50,"column":null}},"9":{"start":{"line":51,"column":20},"end":{"line":57,"column":null}},"10":{"start":{"line":60,"column":2},"end":{"line":68,"column":null}},"11":{"start":{"line":61,"column":4},"end":{"line":61,"column":null}},"12":{"start":{"line":62,"column":4},"end":{"line":65,"column":null}},"13":{"start":{"line":64,"column":39},"end":{"line":64,"column":51}},"14":{"start":{"line":67,"column":4},"end":{"line":67,"column":null}},"15":{"start":{"line":1,"column":0},"end":{"line":1,"column":null}},"16":{"start":{"line":19,"column":9},"end":{"line":19,"column":null}},"17":{"start":{"line":20,"column":6},"end":{"line":20,"column":30}},"18":{"start":{"line":21,"column":11},"end":{"line":21,"column":null}},"19":{"start":{"line":12,"column":10},"end":{"line":1,"column":null}},"20":{"start":{"line":3,"column":62},"end":{"line":3,"column":null}}},"fnMap":{"0":{"name":"(anonymous_1)","decl":{"start":{"line":40,"column":26},"end":{"line":40,"column":32}},"loc":{"start":{"line":40,"column":32},"end":{"line":46,"column":1}}},"1":{"name":"(anonymous_2)","decl":{"start":{"line":48,"column":27},"end":{"line":48,"column":32}},"loc":{"start":{"line":48,"column":32},"end":{"line":48,"column":53}}},"2":{"name":"toggleDetails","decl":{"start":{"line":59,"column":9},"end":{"line":59,"column":23}},"loc":{"start":{"line":59,"column":45},"end":{"line":69,"column":null}}},"3":{"name":"(anonymous_4)","decl":{"start":{"line":64,"column":26},"end":{"line":64,"column":27}},"loc":{"start":{"line":64,"column":39},"end":{"line":64,"column":51}}},"4":{"name":"(anonymous_7)","decl":{"start":{"line":20,"column":6},"end":{"line":20,"column":10}},"loc":{"start":{"line":20,"column":6},"end":{"line":20,"column":30}}},"5":{"name":"(anonymous_9)","decl":{"start":{"line":5,"column":6},"end":{"line":5,"column":18}},"loc":{"start":{"line":12,"column":10},"end":{"line":1,"column":null}}},"6":{"name":"(anonymous_10)","decl":{"start":{"line":3,"column":45},"end":{"line":3,"column":62}},"loc":{"start":{"line":3,"column":62},"end":{"line":3,"column":null}}}},"branchMap":{"0":{"loc":{"start":{"line":41,"column":2},"end":{"line":45,"column":null}},"type":"if","locations":[{"start":{"line":41,"column":2},"end":{"line":45,"column":null}},{"start":{"line":43,"column":9},"end":{"line":45,"column":null}}]},"1":{"loc":{"start":{"line":60,"column":2},"end":{"line":68,"column":null}},"type":"if","locations":[{"start":{"line":60,"column":2},"end":{"line":68,"column":null}},{"start":{"line":66,"column":9},"end":{"line":68,"column":null}}]},"2":{"loc":{"start":{"line":12,"column":10},"end":{"line":1,"column":null}},"type":"cond-expr","locations":[{"start":{"line":5,"column":18},"end":{"line":11,"column":null}},{"start":{"line":1,"column":0},"end":{"line":1,"column":null}}]},"3":{"loc":{"start":{"line":13,"column":15},"end":{"line":1,"column":null}},"type":"cond-expr","locations":[{"start":{"line":13,"column":15},"end":{"line":14,"column":55}},{"start":{"line":1,"column":0},"end":{"line":1,"column":null}}]},"4":{"loc":{"start":{"line":3,"column":21},"end":{"line":1,"column":null}},"type":"cond-expr","locations":[{"start":{"line":3,"column":21},"end":{"line":1,"column":null}},{"start":{"line":1,"column":0},"end":{"line":1,"column":null}}]}},"s":{"0":0,"1":0,"2":0,"3":0,"4":0,"5":0,"6":0,"7":0,"8":0,"9":0,"10":0,"11":0,"12":0,"13":0,"14":0,"15":0,"16":0,"17":0,"18":0,"19":0,"20":0},"f":{"0":0,"1":0,"2":0,"3":0,"4":0,"5":0,"6":0},"b":{"0":[0,0],"1":[0,0],"2":[0,0],"3":[0,0],"4":[0,0]}}
,"C:/Users/Piotrek/Desktop/BootKampf/GUMIAKA/zadanie-gumiaka/src/components/products/SearchInput.vue": {"path":"C:/Users/Piotrek/Desktop/BootKampf/GUMIAKA/zadanie-gumiaka/src/components/products/SearchInput.vue","statementMap":{"0":{"start":{"line":12,"column":14},"end":{"line":12,"column":null}},"1":{"start":{"line":13,"column":20},"end":{"line":13,"column":null}},"2":{"start":{"line":14,"column":21},"end":{"line":14,"column":null}},"3":{"start":{"line":16,"column":19},"end":{"line":16,"column":null}},"4":{"start":{"line":17,"column":27},"end":{"line":17,"column":null}},"5":{"start":{"line":18,"column":29},"end":{"line":18,"column":null}},"6":{"start":{"line":21,"column":0},"end":{"line":27,"column":null}},"7":{"start":{"line":22,"column":19},"end":{"line":22,"column":null}},"8":{"start":{"line":23,"column":4},"end":{"line":24,"column":33}},"9":{"start":{"line":24,"column":4},"end":{"line":24,"column":32}},"10":{"start":{"line":25,"column":4},"end":{"line":25,"column":null}},"11":{"start":{"line":26,"column":4},"end":{"line":26,"column":null}},"12":{"start":{"line":2,"column":43},"end":{"line":2,"column":54}},"13":{"start":{"line":2,"column":65},"end":{"line":2,"column":79}}},"fnMap":{"0":{"name":"(anonymous_1)","decl":{"start":{"line":21,"column":17},"end":{"line":21,"column":21}},"loc":{"start":{"line":21,"column":21},"end":{"line":27,"column":1}}},"1":{"name":"(anonymous_3)","decl":{"start":{"line":1,"column":0},"end":{"line":1,"column":null}},"loc":{"start":{"line":2,"column":43},"end":{"line":2,"column":54}}},"2":{"name":"(anonymous_4)","decl":{"start":{"line":2,"column":63},"end":{"line":2,"column":65}},"loc":{"start":{"line":2,"column":65},"end":{"line":2,"column":79}}}},"branchMap":{"0":{"loc":{"start":{"line":23,"column":4},"end":{"line":24,"column":33}},"type":"if","locations":[{"start":{"line":23,"column":4},"end":{"line":24,"column":33}},{"start":{"line":23,"column":4},"end":{"line":24,"column":33}}]},"1":{"loc":{"start":{"line":1,"column":0},"end":{"line":2,"column":54}},"type":"binary-expr","locations":[{"start":{"line":1,"column":0},"end":{"line":1,"column":null}},{"start":{"line":1,"column":0},"end":{"line":2,"column":54}}]},"2":{"loc":{"start":{"line":2,"column":63},"end":{"line":2,"column":79}},"type":"binary-expr","locations":[{"start":{"line":2,"column":63},"end":{"line":2,"column":65}},{"start":{"line":2,"column":63},"end":{"line":2,"column":79}}]},"3":{"loc":{"start":{"line":2,"column":65},"end":{"line":2,"column":79}},"type":"binary-expr","locations":[{"start":{"line":2,"column":65},"end":{"line":2,"column":79}},{"start":{"line":2,"column":65},"end":{"line":2,"column":79}}]}},"s":{"0":0,"1":0,"2":0,"3":0,"4":0,"5":0,"6":0,"7":0,"8":0,"9":0,"10":0,"11":0,"12":0,"13":0},"f":{"0":0,"1":0,"2":0},"b":{"0":[0,0],"1":[0,0],"2":[0,0],"3":[0,0]}}
,"C:/Users/Piotrek/Desktop/BootKampf/GUMIAKA/zadanie-gumiaka/src/components/ui/BaseButton.vue": {"path":"C:/Users/Piotrek/Desktop/BootKampf/GUMIAKA/zadanie-gumiaka/src/components/ui/BaseButton.vue","statementMap":{"0":{"start":{"line":3,"column":9},"end":{"line":3,"column":null}},"1":{"start":{"line":3,"column":14},"end":{"line":3,"column":null}}},"fnMap":{"0":{"name":"(anonymous_0)","decl":{"start":{"line":3,"column":9},"end":{"line":3,"column":14}},"loc":{"start":{"line":3,"column":14},"end":{"line":3,"column":null}}}},"branchMap":{},"s":{"0":0,"1":0},"f":{"0":0},"b":{}}
,"C:/Users/Piotrek/Desktop/BootKampf/GUMIAKA/zadanie-gumiaka/src/components/ui/BaseModal.vue": {"path":"C:/Users/Piotrek/Desktop/BootKampf/GUMIAKA/zadanie-gumiaka/src/components/ui/BaseModal.vue","statementMap":{"0":{"start":{"line":15,"column":14},"end":{"line":15,"column":null}},"1":{"start":{"line":16,"column":13},"end":{"line":16,"column":null}},"2":{"start":{"line":3,"column":35},"end":{"line":3,"column":50}},"3":{"start":{"line":9,"column":15},"end":{"line":1,"column":null}}},"fnMap":{"0":{"name":"(anonymous_3)","decl":{"start":{"line":3,"column":33},"end":{"line":3,"column":35}},"loc":{"start":{"line":3,"column":35},"end":{"line":3,"column":50}}},"1":{"name":"(anonymous_4)","decl":{"start":{"line":5,"column":6},"end":{"line":5,"column":14}},"loc":{"start":{"line":9,"column":15},"end":{"line":1,"column":null}}}},"branchMap":{"0":{"loc":{"start":{"line":3,"column":15},"end":{"line":1,"column":null}},"type":"cond-expr","locations":[{"start":{"line":3,"column":21},"end":{"line":3,"column":73}},{"start":{"line":1,"column":0},"end":{"line":1,"column":null}}]},"1":{"loc":{"start":{"line":3,"column":33},"end":{"line":3,"column":50}},"type":"binary-expr","locations":[{"start":{"line":3,"column":33},"end":{"line":3,"column":35}},{"start":{"line":3,"column":33},"end":{"line":3,"column":50}}]},"2":{"loc":{"start":{"line":5,"column":25},"end":{"line":1,"column":null}},"type":"cond-expr","locations":[{"start":{"line":5,"column":25},"end":{"line":1,"column":null}},{"start":{"line":1,"column":0},"end":{"line":1,"column":null}}]}},"s":{"0":0,"1":0,"2":0,"3":0},"f":{"0":0,"1":0},"b":{"0":[0,0],"1":[0,0],"2":[0,0]}}
,"C:/Users/Piotrek/Desktop/BootKampf/GUMIAKA/zadanie-gumiaka/src/components/ui/BaseTable.vue": {"path":"C:/Users/Piotrek/Desktop/BootKampf/GUMIAKA/zadanie-gumiaka/src/components/ui/BaseTable.vue","statementMap":{"0":{"start":{"line":40,"column":14},"end":{"line":40,"column":null}},"1":{"start":{"line":49,"column":15},"end":{"line":56,"column":null}},"2":{"start":{"line":51,"column":2},"end":{"line":55,"column":null}},"3":{"start":{"line":52,"column":4},"end":{"line":52,"column":null}},"4":{"start":{"line":54,"column":4},"end":{"line":54,"column":null}},"5":{"start":{"line":58,"column":20},"end":{"line":66,"column":null}},"6":{"start":{"line":60,"column":4},"end":{"line":60,"column":null}},"7":{"start":{"line":61,"column":2},"end":{"line":64,"column":null}},"8":{"start":{"line":62,"column":4},"end":{"line":62,"column":null}},"9":{"start":{"line":63,"column":4},"end":{"line":63,"column":null}},"10":{"start":{"line":65,"column":2},"end":{"line":65,"column":null}},"11":{"start":{"line":68,"column":13},"end":{"line":68,"column":null}},"12":{"start":{"line":71,"column":2},"end":{"line":71,"column":null}},"13":{"start":{"line":2,"column":7},"end":{"line":2,"column":null}},"14":{"start":{"line":1,"column":0},"end":{"line":1,"column":null}},"15":{"start":{"line":10,"column":6},"end":{"line":1,"column":null}},"16":{"start":{"line":14,"column":16},"end":{"line":14,"column":null}},"17":{"start":{"line":23,"column":8},"end":{"line":23,"column":64}}},"fnMap":{"0":{"name":"(anonymous_1)","decl":{"start":{"line":49,"column":24},"end":{"line":49,"column":30}},"loc":{"start":{"line":49,"column":30},"end":{"line":56,"column":1}}},"1":{"name":"(anonymous_2)","decl":{"start":{"line":58,"column":29},"end":{"line":58,"column":35}},"loc":{"start":{"line":58,"column":35},"end":{"line":66,"column":1}}},"2":{"name":"(anonymous_3)","decl":{"start":{"line":61,"column":15},"end":{"line":61,"column":16}},"loc":{"start":{"line":61,"column":40},"end":{"line":64,"column":3}}},"3":{"name":"rowClick","decl":{"start":{"line":70,"column":9},"end":{"line":70,"column":18}},"loc":{"start":{"line":70,"column":42},"end":{"line":72,"column":null}}},"4":{"name":"(anonymous_7)","decl":{"start":{"line":1,"column":0},"end":{"line":1,"column":null}},"loc":{"start":{"line":12,"column":18},"end":{"line":1,"column":null}}},"5":{"name":"(anonymous_8)","decl":{"start":{"line":14,"column":14},"end":{"line":14,"column":16}},"loc":{"start":{"line":14,"column":16},"end":{"line":14,"column":null}}}},"branchMap":{"0":{"loc":{"start":{"line":51,"column":2},"end":{"line":55,"column":null}},"type":"if","locations":[{"start":{"line":51,"column":2},"end":{"line":55,"column":null}},{"start":{"line":53,"column":9},"end":{"line":55,"column":null}}]},"1":{"loc":{"start":{"line":60,"column":4},"end":{"line":60,"column":null}},"type":"cond-expr","locations":[{"start":{"line":60,"column":35},"end":{"line":60,"column":42}},{"start":{"line":60,"column":42},"end":{"line":60,"column":null}}]},"2":{"loc":{"start":{"line":3,"column":13},"end":{"line":3,"column":40}},"type":"cond-expr","locations":[{"start":{"line":3,"column":13},"end":{"line":3,"column":40}}]},"3":{"loc":{"start":{"line":11,"column":20},"end":{"line":21,"column":24}},"type":"cond-expr","locations":[{"start":{"line":11,"column":20},"end":{"line":21,"column":24}}]}},"s":{"0":0,"1":0,"2":0,"3":0,"4":0,"5":0,"6":0,"7":0,"8":0,"9":0,"10":0,"11":0,"12":0,"13":0,"14":0,"15":0,"16":0,"17":0},"f":{"0":0,"1":0,"2":0,"3":0,"4":0,"5":0},"b":{"0":[0,0],"1":[0,0],"2":[0],"3":[0]}}
,"C:/Users/Piotrek/Desktop/BootKampf/GUMIAKA/zadanie-gumiaka/src/hooks/checkForQuery.ts": {"path":"C:/Users/Piotrek/Desktop/BootKampf/GUMIAKA/zadanie-gumiaka/src/hooks/checkForQuery.ts","statementMap":{"0":{"start":{"line":3,"column":16},"end":{"line":3,"column":null}},"1":{"start":{"line":6,"column":18},"end":{"line":6,"column":null}},"2":{"start":{"line":7,"column":20},"end":{"line":7,"column":null}},"3":{"start":{"line":8,"column":26},"end":{"line":8,"column":null}},"4":{"start":{"line":9,"column":28},"end":{"line":9,"column":null}},"5":{"start":{"line":10,"column":4},"end":{"line":17,"column":null}},"6":{"start":{"line":11,"column":6},"end":{"line":13,"column":null}},"7":{"start":{"line":12,"column":8},"end":{"line":12,"column":null}},"8":{"start":{"line":14,"column":6},"end":{"line":16,"column":null}},"9":{"start":{"line":15,"column":8},"end":{"line":15,"column":null}},"10":{"start":{"line":18,"column":4},"end":{"line":18,"column":null}},"11":{"start":{"line":20,"column":2},"end":{"line":20,"column":null}}},"fnMap":{"0":{"name":"useCheckForQuery","decl":{"start":{"line":2,"column":24},"end":{"line":2,"column":43}},"loc":{"start":{"line":2,"column":43},"end":{"line":21,"column":null}}},"1":{"name":"checkForQuery","decl":{"start":{"line":5,"column":11},"end":{"line":5,"column":27}},"loc":{"start":{"line":5,"column":27},"end":{"line":19,"column":null}}}},"branchMap":{"0":{"loc":{"start":{"line":10,"column":4},"end":{"line":17,"column":null}},"type":"if","locations":[{"start":{"line":10,"column":4},"end":{"line":17,"column":null}},{"start":{"line":10,"column":4},"end":{"line":17,"column":null}}]},"1":{"loc":{"start":{"line":11,"column":6},"end":{"line":13,"column":null}},"type":"if","locations":[{"start":{"line":11,"column":6},"end":{"line":13,"column":null}},{"start":{"line":11,"column":6},"end":{"line":13,"column":null}}]},"2":{"loc":{"start":{"line":11,"column":10},"end":{"line":11,"column":68}},"type":"binary-expr","locations":[{"start":{"line":11,"column":10},"end":{"line":11,"column":38}},{"start":{"line":11,"column":38},"end":{"line":11,"column":68}}]},"3":{"loc":{"start":{"line":14,"column":6},"end":{"line":16,"column":null}},"type":"if","locations":[{"start":{"line":14,"column":6},"end":{"line":16,"column":null}},{"start":{"line":14,"column":6},"end":{"line":16,"column":null}}]},"4":{"loc":{"start":{"line":14,"column":10},"end":{"line":14,"column":72}},"type":"binary-expr","locations":[{"start":{"line":14,"column":10},"end":{"line":14,"column":40}},{"start":{"line":14,"column":40},"end":{"line":14,"column":72}}]}},"s":{"0":4,"1":4,"2":4,"3":4,"4":4,"5":4,"6":3,"7":2,"8":3,"9":2,"10":4,"11":4},"f":{"0":4,"1":4},"b":{"0":[3,1],"1":[2,1],"2":[3,2],"3":[2,1],"4":[3,2]}}
,"C:/Users/Piotrek/Desktop/BootKampf/GUMIAKA/zadanie-gumiaka/src/hooks/checkIfDigit.ts": {"path":"C:/Users/Piotrek/Desktop/BootKampf/GUMIAKA/zadanie-gumiaka/src/hooks/checkIfDigit.ts","statementMap":{"0":{"start":{"line":3,"column":4},"end":{"line":8,"column":null}},"1":{"start":{"line":7,"column":6},"end":{"line":7,"column":null}},"2":{"start":{"line":9,"column":4},"end":{"line":9,"column":null}},"3":{"start":{"line":11,"column":2},"end":{"line":11,"column":null}}},"fnMap":{"0":{"name":"useCheckIfDigit","decl":{"start":{"line":1,"column":24},"end":{"line":1,"column":42}},"loc":{"start":{"line":1,"column":42},"end":{"line":12,"column":null}}},"1":{"name":"checkIfDigit","decl":{"start":{"line":2,"column":11},"end":{"line":2,"column":24}},"loc":{"start":{"line":2,"column":46},"end":{"line":10,"column":null}}}},"branchMap":{"0":{"loc":{"start":{"line":3,"column":4},"end":{"line":8,"column":null}},"type":"if","locations":[{"start":{"line":3,"column":4},"end":{"line":8,"column":null}},{"start":{"line":3,"column":4},"end":{"line":8,"column":null}}]},"1":{"loc":{"start":{"line":4,"column":6},"end":{"line":5,"column":null}},"type":"binary-expr","locations":[{"start":{"line":4,"column":6},"end":{"line":4,"column":null}},{"start":{"line":5,"column":7},"end":{"line":5,"column":35}},{"start":{"line":5,"column":35},"end":{"line":5,"column":null}}]}},"s":{"0":4,"1":3,"2":4,"3":1},"f":{"0":1,"1":4},"b":{"0":[3,1],"1":[4,4,2]}}
,"C:/Users/Piotrek/Desktop/BootKampf/GUMIAKA/zadanie-gumiaka/src/hooks/updateQuery.ts": {"path":"C:/Users/Piotrek/Desktop/BootKampf/GUMIAKA/zadanie-gumiaka/src/hooks/updateQuery.ts","statementMap":{"0":{"start":{"line":5,"column":16},"end":{"line":5,"column":null}},"1":{"start":{"line":6,"column":17},"end":{"line":6,"column":null}},"2":{"start":{"line":8,"column":20},"end":{"line":13,"column":null}},"3":{"start":{"line":9,"column":18},"end":{"line":9,"column":null}},"4":{"start":{"line":10,"column":4},"end":{"line":10,"column":null}},"5":{"start":{"line":11,"column":4},"end":{"line":11,"column":null}},"6":{"start":{"line":12,"column":4},"end":{"line":12,"column":null}},"7":{"start":{"line":15,"column":2},"end":{"line":15,"column":null}}},"fnMap":{"0":{"name":"useUpdateQuery","decl":{"start":{"line":4,"column":24},"end":{"line":4,"column":41}},"loc":{"start":{"line":4,"column":41},"end":{"line":16,"column":null}}},"1":{"name":"(anonymous_1)","decl":{"start":{"line":8,"column":20},"end":{"line":8,"column":30}},"loc":{"start":{"line":8,"column":73},"end":{"line":13,"column":null}}}},"branchMap":{"0":{"loc":{"start":{"line":10,"column":4},"end":{"line":10,"column":null}},"type":"cond-expr","locations":[{"start":{"line":10,"column":15},"end":{"line":10,"column":41}},{"start":{"line":10,"column":41},"end":{"line":10,"column":null}}]},"1":{"loc":{"start":{"line":11,"column":4},"end":{"line":11,"column":null}},"type":"cond-expr","locations":[{"start":{"line":11,"column":13},"end":{"line":11,"column":35}},{"start":{"line":11,"column":35},"end":{"line":11,"column":null}}]}},"s":{"0":4,"1":4,"2":4,"3":4,"4":4,"5":4,"6":4,"7":4},"f":{"0":4,"1":4},"b":{"0":[2,2],"1":[2,2]}}
,"C:/Users/Piotrek/Desktop/BootKampf/GUMIAKA/zadanie-gumiaka/src/store/store.ts": {"path":"C:/Users/Piotrek/Desktop/BootKampf/GUMIAKA/zadanie-gumiaka/src/store/store.ts","statementMap":{"0":{"start":{"line":4,"column":24},"end":{"line":143,"column":null}},"1":{"start":{"line":6,"column":4},"end":{"line":15,"column":null}},"2":{"start":{"line":19,"column":6},"end":{"line":19,"column":null}},"3":{"start":{"line":22,"column":6},"end":{"line":22,"column":null}},"4":{"start":{"line":25,"column":6},"end":{"line":25,"column":null}},"5":{"start":{"line":28,"column":6},"end":{"line":28,"column":null}},"6":{"start":{"line":31,"column":6},"end":{"line":31,"column":null}},"7":{"start":{"line":34,"column":6},"end":{"line":34,"column":null}},"8":{"start":{"line":37,"column":6},"end":{"line":37,"column":null}},"9":{"start":{"line":40,"column":6},"end":{"line":40,"column":null}},"10":{"start":{"line":46,"column":6},"end":{"line":46,"column":null}},"11":{"start":{"line":47,"column":6},"end":{"line":47,"column":null}},"12":{"start":{"line":48,"column":6},"end":{"line":48,"column":null}},"13":{"start":{"line":49,"column":6},"end":{"line":49,"column":null}},"14":{"start":{"line":54,"column":6},"end":{"line":54,"column":null}},"15":{"start":{"line":55,"column":6},"end":{"line":57,"column":null}},"16":{"start":{"line":56,"column":8},"end":{"line":56,"column":null}},"17":{"start":{"line":62,"column":6},"end":{"line":62,"column":null}},"18":{"start":{"line":67,"column":6},"end":{"line":67,"column":null}},"19":{"start":{"line":72,"column":6},"end":{"line":72,"column":null}},"20":{"start":{"line":73,"column":6},"end":{"line":73,"column":null}},"21":{"start":{"line":79,"column":6},"end":{"line":79,"column":null}},"22":{"start":{"line":82,"column":21},"end":{"line":82,"column":null}},"23":{"start":{"line":83,"column":19},"end":{"line":83,"column":null}},"24":{"start":{"line":85,"column":6},"end":{"line":85,"column":null}},"25":{"start":{"line":86,"column":6},"end":{"line":86,"column":null}},"26":{"start":{"line":88,"column":6},"end":{"line":93,"column":null}},"27":{"start":{"line":90,"column":8},"end":{"line":90,"column":null}},"28":{"start":{"line":92,"column":8},"end":{"line":92,"column":null}},"29":{"start":{"line":94,"column":6},"end":{"line":97,"column":null}},"30":{"start":{"line":96,"column":8},"end":{"line":96,"column":null}},"31":{"start":{"line":100,"column":8},"end":{"line":100,"column":null}},"32":{"start":{"line":103,"column":6},"end":{"line":123,"column":null}},"33":{"start":{"line":104,"column":8},"end":{"line":104,"column":null}},"34":{"start":{"line":107,"column":20},"end":{"line":110,"column":null}},"35":{"start":{"line":112,"column":8},"end":{"line":120,"column":null}},"36":{"start":{"line":114,"column":10},"end":{"line":114,"column":null}},"37":{"start":{"line":115,"column":10},"end":{"line":115,"column":null}},"38":{"start":{"line":118,"column":10},"end":{"line":118,"column":null}},"39":{"start":{"line":119,"column":10},"end":{"line":119,"column":null}},"40":{"start":{"line":121,"column":8},"end":{"line":121,"column":null}},"41":{"start":{"line":122,"column":8},"end":{"line":122,"column":null}},"42":{"start":{"line":125,"column":6},"end":{"line":137,"column":null}},"43":{"start":{"line":126,"column":8},"end":{"line":136,"column":null}},"44":{"start":{"line":128,"column":10},"end":{"line":128,"column":null}},"45":{"start":{"line":129,"column":10},"end":{"line":129,"column":null}},"46":{"start":{"line":132,"column":10},"end":{"line":132,"column":null}},"47":{"start":{"line":133,"column":10},"end":{"line":133,"column":null}},"48":{"start":{"line":134,"column":10},"end":{"line":134,"column":null}},"49":{"start":{"line":135,"column":10},"end":{"line":135,"column":null}},"50":{"start":{"line":139,"column":6},"end":{"line":139,"column":null}},"51":{"start":{"line":140,"column":6},"end":{"line":140,"column":null}}},"fnMap":{"0":{"name":"(anonymous_0)","decl":{"start":{"line":5,"column":2},"end":{"line":5,"column":10}},"loc":{"start":{"line":5,"column":10},"end":{"line":16,"column":null}}},"1":{"name":"(anonymous_1)","decl":{"start":{"line":18,"column":4},"end":{"line":18,"column":16}},"loc":{"start":{"line":18,"column":23},"end":{"line":20,"column":null}}},"2":{"name":"(anonymous_2)","decl":{"start":{"line":21,"column":4},"end":{"line":21,"column":16}},"loc":{"start":{"line":21,"column":23},"end":{"line":23,"column":null}}},"3":{"name":"(anonymous_3)","decl":{"start":{"line":24,"column":4},"end":{"line":24,"column":19}},"loc":{"start":{"line":24,"column":26},"end":{"line":26,"column":null}}},"4":{"name":"(anonymous_4)","decl":{"start":{"line":27,"column":4},"end":{"line":27,"column":21}},"loc":{"start":{"line":27,"column":27},"end":{"line":29,"column":null}}},"5":{"name":"(anonymous_5)","decl":{"start":{"line":30,"column":4},"end":{"line":30,"column":17}},"loc":{"start":{"line":30,"column":24},"end":{"line":32,"column":null}}},"6":{"name":"(anonymous_6)","decl":{"start":{"line":33,"column":4},"end":{"line":33,"column":19}},"loc":{"start":{"line":33,"column":26},"end":{"line":35,"column":null}}},"7":{"name":"(anonymous_7)","decl":{"start":{"line":36,"column":4},"end":{"line":36,"column":20}},"loc":{"start":{"line":36,"column":27},"end":{"line":38,"column":null}}},"8":{"name":"(anonymous_8)","decl":{"start":{"line":39,"column":4},"end":{"line":39,"column":20}},"loc":{"start":{"line":39,"column":26},"end":{"line":41,"column":null}}},"9":{"name":"(anonymous_9)","decl":{"start":{"line":45,"column":4},"end":{"line":45,"column":10}},"loc":{"start":{"line":45,"column":23},"end":{"line":50,"column":null}}},"10":{"name":"(anonymous_10)","decl":{"start":{"line":53,"column":4},"end":{"line":53,"column":10}},"loc":{"start":{"line":53,"column":31},"end":{"line":58,"column":null}}},"11":{"name":"(anonymous_11)","decl":{"start":{"line":61,"column":4},"end":{"line":61,"column":10}},"loc":{"start":{"line":61,"column":38},"end":{"line":63,"column":null}}},"12":{"name":"(anonymous_12)","decl":{"start":{"line":66,"column":4},"end":{"line":66,"column":18}},"loc":{"start":{"line":66,"column":18},"end":{"line":68,"column":null}}},"13":{"name":"(anonymous_13)","decl":{"start":{"line":71,"column":4},"end":{"line":71,"column":22}},"loc":{"start":{"line":71,"column":22},"end":{"line":74,"column":null}}},"14":{"name":"(anonymous_14)","decl":{"start":{"line":77,"column":4},"end":{"line":77,"column":10}},"loc":{"start":{"line":77,"column":71},"end":{"line":141,"column":null}}}},"branchMap":{"0":{"loc":{"start":{"line":55,"column":6},"end":{"line":57,"column":null}},"type":"if","locations":[{"start":{"line":55,"column":6},"end":{"line":57,"column":null}},{"start":{"line":55,"column":6},"end":{"line":57,"column":null}}]},"1":{"loc":{"start":{"line":55,"column":10},"end":{"line":55,"column":27}},"type":"binary-expr","locations":[{"start":{"line":55,"column":10},"end":{"line":55,"column":16}},{"start":{"line":55,"column":16},"end":{"line":55,"column":27}}]},"2":{"loc":{"start":{"line":88,"column":6},"end":{"line":93,"column":null}},"type":"if","locations":[{"start":{"line":88,"column":6},"end":{"line":93,"column":null}},{"start":{"line":91,"column":13},"end":{"line":93,"column":null}}]},"3":{"loc":{"start":{"line":94,"column":6},"end":{"line":97,"column":null}},"type":"if","locations":[{"start":{"line":94,"column":6},"end":{"line":97,"column":null}},{"start":{"line":94,"column":6},"end":{"line":97,"column":null}}]},"4":{"loc":{"start":{"line":112,"column":8},"end":{"line":120,"column":null}},"type":"if","locations":[{"start":{"line":112,"column":8},"end":{"line":120,"column":null}},{"start":{"line":116,"column":15},"end":{"line":120,"column":null}}]},"5":{"loc":{"start":{"line":125,"column":6},"end":{"line":137,"column":null}},"type":"if","locations":[{"start":{"line":125,"column":6},"end":{"line":137,"column":null}},{"start":{"line":125,"column":6},"end":{"line":137,"column":null}}]},"6":{"loc":{"start":{"line":126,"column":8},"end":{"line":136,"column":null}},"type":"if","locations":[{"start":{"line":126,"column":8},"end":{"line":136,"column":null}},{"start":{"line":130,"column":15},"end":{"line":136,"column":null}}]}},"s":{"0":3,"1":8,"2":1,"3":1,"4":3,"5":2,"6":1,"7":1,"8":2,"9":0,"10":1,"11":1,"12":1,"13":1,"14":2,"15":2,"16":2,"17":1,"18":5,"19":3,"20":3,"21":6,"22":6,"23":6,"24":6,"25":6,"26":6,"27":6,"28":0,"29":6,"30":2,"31":6,"32":6,"33":6,"34":0,"35":0,"36":0,"37":0,"38":0,"39":0,"40":0,"41":0,"42":6,"43":6,"44":2,"45":2,"46":4,"47":4,"48":4,"49":4,"50":6,"51":6},"f":{"0":8,"1":1,"2":1,"3":3,"4":2,"5":1,"6":1,"7":2,"8":0,"9":1,"10":2,"11":1,"12":5,"13":3,"14":6},"b":{"0":[2,0],"1":[2,1],"2":[6,0],"3":[2,4],"4":[0,0],"5":[6,0],"6":[2,4]}}
}
